2015-05-12 16:42:14 Error: Fatal Error (4): syntax error, unexpected '{' in [/opt/lampp/htdocs/ImageTrial/app/Controller/UsersController.php, line 5]
2015-05-12 16:42:14 Error: [FatalErrorException] syntax error, unexpected '{'
Request URL: /ImageTrial/
Stack Trace:
#0 /opt/lampp/htdocs/ImageTrial/lib/Cake/Error/ErrorHandler.php(213): ErrorHandler::handleFatalError(4, 'syntax error, u...', '/opt/lampp/htdo...', 5)
#1 [internal function]: ErrorHandler::handleError(4, 'syntax error, u...', '/opt/lampp/htdo...', 5, Array)
#2 /opt/lampp/htdocs/ImageTrial/lib/Cake/Core/App.php(931): call_user_func('ErrorHandler::h...', 4, 'syntax error, u...', '/opt/lampp/htdo...', 5, Array)
#3 /opt/lampp/htdocs/ImageTrial/lib/Cake/Core/App.php(904): App::_checkFatalError()
#4 [internal function]: App::shutdown()
#5 {main}
2015-05-12 16:43:01 Error: Fatal Error (4): syntax error, unexpected ')', expecting ',' or ';' in [/opt/lampp/htdocs/ImageTrial/app/View/Users/create.ctp, line 2]
2015-05-12 16:43:01 Error: [FatalErrorException] syntax error, unexpected ')', expecting ',' or ';'
Request URL: /ImageTrial/
Stack Trace:
#0 /opt/lampp/htdocs/ImageTrial/lib/Cake/Error/ErrorHandler.php(213): ErrorHandler::handleFatalError(4, 'syntax error, u...', '/opt/lampp/htdo...', 2)
#1 [internal function]: ErrorHandler::handleError(4, 'syntax error, u...', '/opt/lampp/htdo...', 2, Array)
#2 /opt/lampp/htdocs/ImageTrial/lib/Cake/Core/App.php(931): call_user_func('ErrorHandler::h...', 4, 'syntax error, u...', '/opt/lampp/htdo...', 2, Array)
#3 /opt/lampp/htdocs/ImageTrial/lib/Cake/Core/App.php(904): App::_checkFatalError()
#4 [internal function]: App::shutdown()
#5 {main}
2015-05-12 17:18:27 Error: Fatal Error (4): syntax error, unexpected '}' in [/opt/lampp/htdocs/ImageTrial/app/Controller/UsersController.php, line 30]
2015-05-12 17:18:27 Error: [FatalErrorException] syntax error, unexpected '}'
Request URL: /ImageTrial/
Stack Trace:
#0 /opt/lampp/htdocs/ImageTrial/lib/Cake/Error/ErrorHandler.php(213): ErrorHandler::handleFatalError(4, 'syntax error, u...', '/opt/lampp/htdo...', 30)
#1 [internal function]: ErrorHandler::handleError(4, 'syntax error, u...', '/opt/lampp/htdo...', 30, Array)
#2 /opt/lampp/htdocs/ImageTrial/lib/Cake/Core/App.php(931): call_user_func('ErrorHandler::h...', 4, 'syntax error, u...', '/opt/lampp/htdo...', 30, Array)
#3 /opt/lampp/htdocs/ImageTrial/lib/Cake/Core/App.php(904): App::_checkFatalError()
#4 [internal function]: App::shutdown()
#5 {main}
2015-05-12 19:45:30 Error: [PDOException] SQLSTATE[42S22]: Column not found: 1054 Unknown column 'Array' in 'field list'
Request URL: /ImageTrial/
Stack Trace:
#0 /opt/lampp/htdocs/ImageTrial/lib/Cake/Model/Datasource/DboSource.php(460): PDOStatement->execute(Array)
#1 /opt/lampp/htdocs/ImageTrial/lib/Cake/Model/Datasource/DboSource.php(426): DboSource->_execute('INSERT INTO `im...', Array)
#2 /opt/lampp/htdocs/ImageTrial/lib/Cake/Model/Datasource/DboSource.php(1012): DboSource->execute('INSERT INTO `im...')
#3 /opt/lampp/htdocs/ImageTrial/lib/Cake/Model/Model.php(1928): DboSource->create(Object(User), Array, Array)
#4 /opt/lampp/htdocs/ImageTrial/lib/Cake/Model/Model.php(1751): Model->_doSave(Array, Array)
#5 /opt/lampp/htdocs/ImageTrial/app/Controller/UsersController.php(8): Model->save(Array)
#6 [internal function]: UsersController->create()
#7 /opt/lampp/htdocs/ImageTrial/lib/Cake/Controller/Controller.php(490): ReflectionMethod->invokeArgs(Object(UsersController), Array)
#8 /opt/lampp/htdocs/ImageTrial/lib/Cake/Routing/Dispatcher.php(193): Controller->invokeAction(Object(CakeRequest))
#9 /opt/lampp/htdocs/ImageTrial/lib/Cake/Routing/Dispatcher.php(167): Dispatcher->_invoke(Object(UsersController), Object(CakeRequest))
#10 /opt/lampp/htdocs/ImageTrial/app/webroot/index.php(118): Dispatcher->dispatch(Object(CakeRequest), Object(CakeResponse))
#11 {main}
2015-05-12 19:48:35 Error: [MissingPluginException] Plugin Upload could not be found.
Exception Attributes: array (
  'plugin' => 'Upload',
)
Request URL: /ImageTrial/
Stack Trace:
#0 /opt/lampp/htdocs/ImageTrial/lib/Cake/Core/App.php(227): CakePlugin::path('Upload')
#1 /opt/lampp/htdocs/ImageTrial/lib/Cake/Core/App.php(549): App::path('Model/Behavior', 'Upload')
#2 [internal function]: App::load('UploadBehavior')
#3 [internal function]: spl_autoload_call('UploadBehavior')
#4 /opt/lampp/htdocs/ImageTrial/lib/Cake/Model/BehaviorCollection.php(120): class_exists('UploadBehavior')
#5 /opt/lampp/htdocs/ImageTrial/lib/Cake/Model/BehaviorCollection.php(66): BehaviorCollection->load('Upload.Upload', Array)
#6 /opt/lampp/htdocs/ImageTrial/lib/Cake/Model/Model.php(774): BehaviorCollection->init('User', Array)
#7 [internal function]: Model->__construct(Array)
#8 /opt/lampp/htdocs/ImageTrial/lib/Cake/Utility/ClassRegistry.php(169): ReflectionClass->newInstance(Array)
#9 /opt/lampp/htdocs/ImageTrial/lib/Cake/Controller/Controller.php(741): ClassRegistry::init(Array)
#10 /opt/lampp/htdocs/ImageTrial/lib/Cake/Controller/Controller.php(367): Controller->loadModel('User')
#11 /opt/lampp/htdocs/ImageTrial/lib/Cake/Controller/Controller.php(405): Controller->__isset('User')
#12 /opt/lampp/htdocs/ImageTrial/app/Controller/UsersController.php(8): Controller->__get('User')
#13 [internal function]: UsersController->create()
#14 /opt/lampp/htdocs/ImageTrial/lib/Cake/Controller/Controller.php(490): ReflectionMethod->invokeArgs(Object(UsersController), Array)
#15 /opt/lampp/htdocs/ImageTrial/lib/Cake/Routing/Dispatcher.php(193): Controller->invokeAction(Object(CakeRequest))
#16 /opt/lampp/htdocs/ImageTrial/lib/Cake/Routing/Dispatcher.php(167): Dispatcher->_invoke(Object(UsersController), Object(CakeRequest))
#17 /opt/lampp/htdocs/ImageTrial/app/webroot/index.php(118): Dispatcher->dispatch(Object(CakeRequest), Object(CakeResponse))
#18 {main}
2015-05-12 19:52:04 Error: [PDOException] SQLSTATE[42S22]: Column not found: 1054 Unknown column 'User.id' in 'where clause'
Request URL: /ImageTrial/
Stack Trace:
#0 /opt/lampp/htdocs/ImageTrial/lib/Cake/Model/Datasource/DboSource.php(460): PDOStatement->execute(Array)
#1 /opt/lampp/htdocs/ImageTrial/lib/Cake/Model/Datasource/DboSource.php(426): DboSource->_execute('UPDATE `images`...', Array)
#2 /opt/lampp/htdocs/ImageTrial/lib/Cake/Model/Datasource/Database/Mysql.php(415): DboSource->execute('UPDATE `images`...')
#3 /opt/lampp/htdocs/ImageTrial/lib/Cake/Model/Model.php(2658): Mysql->update(Object(User), Array, NULL, Array)
#4 /opt/lampp/htdocs/ImageTrial/app/Plugin/Upload/Model/Behavior/UploadBehavior.php(352): Model->updateAll(Array, Array)
#5 [internal function]: UploadBehavior->afterSave(Object(User), true, Array)
#6 /opt/lampp/htdocs/ImageTrial/lib/Cake/Utility/ObjectCollection.php(128): call_user_func_array(Array, Array)
#7 [internal function]: ObjectCollection->trigger(Object(CakeEvent))
#8 /opt/lampp/htdocs/ImageTrial/lib/Cake/Event/CakeEventManager.php(243): call_user_func(Array, Object(CakeEvent))
#9 /opt/lampp/htdocs/ImageTrial/lib/Cake/Model/Model.php(1956): CakeEventManager->dispatch(Object(CakeEvent))
#10 /opt/lampp/htdocs/ImageTrial/lib/Cake/Model/Model.php(1751): Model->_doSave(Array, Array)
#11 /opt/lampp/htdocs/ImageTrial/app/Controller/UsersController.php(8): Model->save(Array)
#12 [internal function]: UsersController->create()
#13 /opt/lampp/htdocs/ImageTrial/lib/Cake/Controller/Controller.php(490): ReflectionMethod->invokeArgs(Object(UsersController), Array)
#14 /opt/lampp/htdocs/ImageTrial/lib/Cake/Routing/Dispatcher.php(193): Controller->invokeAction(Object(CakeRequest))
#15 /opt/lampp/htdocs/ImageTrial/lib/Cake/Routing/Dispatcher.php(167): Dispatcher->_invoke(Object(UsersController), Object(CakeRequest))
#16 /opt/lampp/htdocs/ImageTrial/app/webroot/index.php(118): Dispatcher->dispatch(Object(CakeRequest), Object(CakeResponse))
#17 {main}
2015-05-12 19:53:43 Error: [PDOException] SQLSTATE[42S22]: Column not found: 1054 Unknown column 'User.id' in 'where clause'
Request URL: /ImageTrial/
Stack Trace:
#0 /opt/lampp/htdocs/ImageTrial/lib/Cake/Model/Datasource/DboSource.php(460): PDOStatement->execute(Array)
#1 /opt/lampp/htdocs/ImageTrial/lib/Cake/Model/Datasource/DboSource.php(426): DboSource->_execute('UPDATE `images`...', Array)
#2 /opt/lampp/htdocs/ImageTrial/lib/Cake/Model/Datasource/Database/Mysql.php(415): DboSource->execute('UPDATE `images`...')
#3 /opt/lampp/htdocs/ImageTrial/lib/Cake/Model/Model.php(2658): Mysql->update(Object(User), Array, NULL, Array)
#4 /opt/lampp/htdocs/ImageTrial/app/Plugin/Upload/Model/Behavior/UploadBehavior.php(352): Model->updateAll(Array, Array)
#5 [internal function]: UploadBehavior->afterSave(Object(User), true, Array)
#6 /opt/lampp/htdocs/ImageTrial/lib/Cake/Utility/ObjectCollection.php(128): call_user_func_array(Array, Array)
#7 [internal function]: ObjectCollection->trigger(Object(CakeEvent))
#8 /opt/lampp/htdocs/ImageTrial/lib/Cake/Event/CakeEventManager.php(243): call_user_func(Array, Object(CakeEvent))
#9 /opt/lampp/htdocs/ImageTrial/lib/Cake/Model/Model.php(1956): CakeEventManager->dispatch(Object(CakeEvent))
#10 /opt/lampp/htdocs/ImageTrial/lib/Cake/Model/Model.php(1751): Model->_doSave(Array, Array)
#11 /opt/lampp/htdocs/ImageTrial/app/Controller/UsersController.php(8): Model->save(Array)
#12 [internal function]: UsersController->create()
#13 /opt/lampp/htdocs/ImageTrial/lib/Cake/Controller/Controller.php(490): ReflectionMethod->invokeArgs(Object(UsersController), Array)
#14 /opt/lampp/htdocs/ImageTrial/lib/Cake/Routing/Dispatcher.php(193): Controller->invokeAction(Object(CakeRequest))
#15 /opt/lampp/htdocs/ImageTrial/lib/Cake/Routing/Dispatcher.php(167): Dispatcher->_invoke(Object(UsersController), Object(CakeRequest))
#16 /opt/lampp/htdocs/ImageTrial/app/webroot/index.php(118): Dispatcher->dispatch(Object(CakeRequest), Object(CakeResponse))
#17 {main}
2015-05-12 20:12:34 Error: Fatal Error (4): syntax error, unexpected '}' in [/opt/lampp/htdocs/ImageTrial/app/Controller/UsersController.php, line 11]
2015-05-12 20:12:34 Error: [FatalErrorException] syntax error, unexpected '}'
Request URL: /ImageTrial/
Stack Trace:
#0 /opt/lampp/htdocs/ImageTrial/lib/Cake/Error/ErrorHandler.php(213): ErrorHandler::handleFatalError(4, 'syntax error, u...', '/opt/lampp/htdo...', 11)
#1 [internal function]: ErrorHandler::handleError(4, 'syntax error, u...', '/opt/lampp/htdo...', 11, Array)
#2 /opt/lampp/htdocs/ImageTrial/lib/Cake/Core/App.php(931): call_user_func('ErrorHandler::h...', 4, 'syntax error, u...', '/opt/lampp/htdo...', 11, Array)
#3 /opt/lampp/htdocs/ImageTrial/lib/Cake/Core/App.php(904): App::_checkFatalError()
#4 [internal function]: App::shutdown()
#5 {main}
2015-05-12 20:20:57 Error: [MissingActionException] Action UsersController::webroot() could not be found.
Exception Attributes: array (
  'controller' => 'UsersController',
  'action' => 'webroot',
)
Request URL: /ImageTrial/users/webroot/files/user/image/4/Asx6afNEuhSmhGVRR3Ivh91b6iudks38ffQiRVNgB333.jpg
Stack Trace:
#0 /opt/lampp/htdocs/ImageTrial/lib/Cake/Routing/Dispatcher.php(193): Controller->invokeAction(Object(CakeRequest))
#1 /opt/lampp/htdocs/ImageTrial/lib/Cake/Routing/Dispatcher.php(167): Dispatcher->_invoke(Object(UsersController), Object(CakeRequest))
#2 /opt/lampp/htdocs/ImageTrial/app/webroot/index.php(118): Dispatcher->dispatch(Object(CakeRequest), Object(CakeResponse))
#3 {main}
2015-05-12 20:20:59 Error: [MissingActionException] Action UsersController::webroot() could not be found.
Exception Attributes: array (
  'controller' => 'UsersController',
  'action' => 'webroot',
)
Request URL: /ImageTrial/users/webroot/files/user/image/4/Asx6afNEuhSmhGVRR3Ivh91b6iudks38ffQiRVNgB333.jpg
Stack Trace:
#0 /opt/lampp/htdocs/ImageTrial/lib/Cake/Routing/Dispatcher.php(193): Controller->invokeAction(Object(CakeRequest))
#1 /opt/lampp/htdocs/ImageTrial/lib/Cake/Routing/Dispatcher.php(167): Dispatcher->_invoke(Object(UsersController), Object(CakeRequest))
#2 /opt/lampp/htdocs/ImageTrial/app/webroot/index.php(118): Dispatcher->dispatch(Object(CakeRequest), Object(CakeResponse))
#3 {main}
2015-05-12 20:22:03 Error: [MissingActionException] Action UsersController::webroot() could not be found.
Exception Attributes: array (
  'controller' => 'UsersController',
  'action' => 'webroot',
)
Request URL: /ImageTrial/users/webroot/files/user/image/4/Asx6afNEuhSmhGVRR3Ivh91b6iudks38ffQiRVNgB333.jpg
Stack Trace:
#0 /opt/lampp/htdocs/ImageTrial/lib/Cake/Routing/Dispatcher.php(193): Controller->invokeAction(Object(CakeRequest))
#1 /opt/lampp/htdocs/ImageTrial/lib/Cake/Routing/Dispatcher.php(167): Dispatcher->_invoke(Object(UsersController), Object(CakeRequest))
#2 /opt/lampp/htdocs/ImageTrial/app/webroot/index.php(118): Dispatcher->dispatch(Object(CakeRequest), Object(CakeResponse))
#3 {main}
2015-05-12 20:22:09 Error: [MissingActionException] Action UsersController::ImageTrial() could not be found.
Exception Attributes: array (
  'controller' => 'UsersController',
  'action' => 'ImageTrial',
)
Request URL: /ImageTrial/users/ImageTrial/files/user/image/4/Asx6afNEuhSmhGVRR3Ivh91b6iudks38ffQiRVNgB333.jpg
Stack Trace:
#0 /opt/lampp/htdocs/ImageTrial/lib/Cake/Routing/Dispatcher.php(193): Controller->invokeAction(Object(CakeRequest))
#1 /opt/lampp/htdocs/ImageTrial/lib/Cake/Routing/Dispatcher.php(167): Dispatcher->_invoke(Object(UsersController), Object(CakeRequest))
#2 /opt/lampp/htdocs/ImageTrial/app/webroot/index.php(118): Dispatcher->dispatch(Object(CakeRequest), Object(CakeResponse))
#3 {main}
2015-05-12 20:30:07 Error: [MissingControllerException] Controller class FilesController could not be found.
Exception Attributes: array (
  'class' => 'FilesController',
  'plugin' => NULL,
)
Request URL: /ImageTrial/files/user/image/1/11148457_890961960925948_5856222529497236170_n.jpg
Stack Trace:
#0 /opt/lampp/htdocs/ImageTrial/app/webroot/index.php(118): Dispatcher->dispatch(Object(CakeRequest), Object(CakeResponse))
#1 {main}
2015-05-12 20:37:28 Error: Fatal Error (4): syntax error, unexpected '$this' (T_VARIABLE) in [/opt/lampp/htdocs/ImageTrial/app/Controller/UsersController.php, line 18]
2015-05-12 20:37:28 Error: [FatalErrorException] syntax error, unexpected '$this' (T_VARIABLE)
Request URL: /ImageTrial/users/view
Stack Trace:
#0 /opt/lampp/htdocs/ImageTrial/lib/Cake/Error/ErrorHandler.php(213): ErrorHandler::handleFatalError(4, 'syntax error, u...', '/opt/lampp/htdo...', 18)
#1 [internal function]: ErrorHandler::handleError(4, 'syntax error, u...', '/opt/lampp/htdo...', 18, Array)
#2 /opt/lampp/htdocs/ImageTrial/lib/Cake/Core/App.php(931): call_user_func('ErrorHandler::h...', 4, 'syntax error, u...', '/opt/lampp/htdo...', 18, Array)
#3 /opt/lampp/htdocs/ImageTrial/lib/Cake/Core/App.php(904): App::_checkFatalError()
#4 [internal function]: App::shutdown()
#5 {main}
2015-05-12 20:41:11 Error: [PDOException] SQLSTATE[42000]: Syntax error or access violation: 1064 You have an error in your SQL syntax; check the manual that corresponds to your MySQL server version for the right syntax to use near 'getLastInserId' at line 1
Request URL: /ImageTrial/
Stack Trace:
#0 /opt/lampp/htdocs/ImageTrial/lib/Cake/Model/Datasource/DboSource.php(460): PDOStatement->execute(Array)
#1 /opt/lampp/htdocs/ImageTrial/lib/Cake/Model/Datasource/DboSource.php(426): DboSource->_execute('getLastInserId', Array)
#2 /opt/lampp/htdocs/ImageTrial/lib/Cake/Model/Datasource/DboSource.php(668): DboSource->execute('getLastInserId', Array, Array)
#3 /opt/lampp/htdocs/ImageTrial/lib/Cake/Model/Datasource/DboSource.php(611): DboSource->fetchAll('getLastInserId', Array, Array)
#4 /opt/lampp/htdocs/ImageTrial/lib/Cake/Model/Model.php(827): DboSource->query('getLastInserId', Array, Object(User))
#5 /opt/lampp/htdocs/ImageTrial/app/Controller/UsersController.php(10): Model->__call('getLastInserId', Array)
#6 /opt/lampp/htdocs/ImageTrial/app/Controller/UsersController.php(10): User->getLastInserId()
#7 [internal function]: UsersController->create()
#8 /opt/lampp/htdocs/ImageTrial/lib/Cake/Controller/Controller.php(490): ReflectionMethod->invokeArgs(Object(UsersController), Array)
#9 /opt/lampp/htdocs/ImageTrial/lib/Cake/Routing/Dispatcher.php(193): Controller->invokeAction(Object(CakeRequest))
#10 /opt/lampp/htdocs/ImageTrial/lib/Cake/Routing/Dispatcher.php(167): Dispatcher->_invoke(Object(UsersController), Object(CakeRequest))
#11 /opt/lampp/htdocs/ImageTrial/app/webroot/index.php(118): Dispatcher->dispatch(Object(CakeRequest), Object(CakeResponse))
#12 {main}
2015-05-12 20:48:10 Error: [MissingActionException] Action UsersController::index() could not be found.
Exception Attributes: array (
  'controller' => 'UsersController',
  'action' => 'index',
)
Request URL: /ImageTrial/users
Stack Trace:
#0 /opt/lampp/htdocs/ImageTrial/lib/Cake/Routing/Dispatcher.php(193): Controller->invokeAction(Object(CakeRequest))
#1 /opt/lampp/htdocs/ImageTrial/lib/Cake/Routing/Dispatcher.php(167): Dispatcher->_invoke(Object(UsersController), Object(CakeRequest))
#2 /opt/lampp/htdocs/ImageTrial/app/webroot/index.php(118): Dispatcher->dispatch(Object(CakeRequest), Object(CakeResponse))
#3 {main}
2015-05-12 20:56:56 Error: Fatal Error (1): Class 'imagick' not found in [/opt/lampp/htdocs/ImageTrial/app/Plugin/Upload/Model/Behavior/UploadBehavior.php, line 949]
2015-05-12 20:56:56 Error: [FatalErrorException] Class 'imagick' not found
Request URL: /ImageTrial/
Stack Trace:
#0 /opt/lampp/htdocs/ImageTrial/lib/Cake/Error/ErrorHandler.php(213): ErrorHandler::handleFatalError(1, 'Class 'imagick'...', '/opt/lampp/htdo...', 949)
#1 [internal function]: ErrorHandler::handleError(1, 'Class 'imagick'...', '/opt/lampp/htdo...', 949, Array)
#2 /opt/lampp/htdocs/ImageTrial/lib/Cake/Core/App.php(931): call_user_func('ErrorHandler::h...', 1, 'Class 'imagick'...', '/opt/lampp/htdo...', 949, Array)
#3 /opt/lampp/htdocs/ImageTrial/lib/Cake/Core/App.php(904): App::_checkFatalError()
#4 [internal function]: App::shutdown()
#5 {main}
